TN:
SF:C:\Users\Jonatan\Documents\devpleno\fullstack\convert-my-money\lib\api.bcb.js
FN:2,(anonymous_0)
FN:5,(anonymous_1)
FN:6,(anonymous_2)
FN:7,(anonymous_3)
FN:13,(anonymous_4)
FN:19,(anonymous_5)
FNF:6
FNH:6
FNDA:1,(anonymous_0)
FNDA:1,(anonymous_1)
FNDA:1,(anonymous_2)
FNDA:1,(anonymous_3)
FNDA:2,(anonymous_4)
FNDA:1,(anonymous_5)
DA:1,1
DA:2,1
DA:3,1
DA:5,1
DA:6,1
DA:7,1
DA:8,1
DA:9,1
DA:13,1
DA:19,2
DA:20,1
DA:21,1
DA:22,1
DA:23,1
DA:24,0
DA:25,0
DA:27,1
DA:31,1
LF:18
LH:16
BRF:0
BRH:0
end_of_record
TN:
SF:C:\Users\Jonatan\Documents\devpleno\fullstack\convert-my-money\lib\convert.js
FN:1,(anonymous_0)
FN:5,(anonymous_1)
FNF:2
FNH:2
FNDA:2,(anonymous_0)
FNDA:2,(anonymous_1)
DA:1,1
DA:2,2
DA:5,1
DA:6,2
DA:9,1
LF:5
LH:5
BRF:0
BRH:0
end_of_record
